模組：slowloris
目標IP：192.168.22.22
封包數：1000
結果：成功
時間：20250625_101544

[Slowloris] 模擬維持開啟連線
[Slowloris] 已建立第 1 條連線
[Slowloris] 已建立第 2 條連線
[Slowloris] 已建立第 3 條連線
[Slowloris] 已建立第 4 條連線
[Slowloris] 已建立第 5 條連線
[Slowloris] 已建立第 6 條連線
[Slowloris] 已建立第 7 條連線
[Slowloris] 已建立第 8 條連線
[Slowloris] 已建立第 9 條連線
[Slowloris] 已建立第 10 條連線
[Slowloris] 已建立第 11 條連線
[Slowloris] 已建立第 12 條連線
[Slowloris] 已建立第 13 條連線
[Slowloris] 已建立第 14 條連線
[Slowloris] 已建立第 15 條連線
[Slowloris] 已建立第 16 條連線
[Slowloris] 已建立第 17 條連線
[Slowloris] 已建立第 18 條連線
[Slowloris] 已建立第 19 條連線
[Slowloris] 已建立第 20 條連線
[Slowloris] 已建立第 21 條連線
[Slowloris] 已建立第 22 條連線
[Slowloris] 已建立第 23 條連線
[Slowloris] 已建立第 24 條連線
[Slowloris] 已建立第 25 條連線
[Slowloris] 已建立第 26 條連線
[Slowloris] 已建立第 27 條連線
[Slowloris] 已建立第 28 條連線
[Slowloris] 已建立第 29 條連線
[Slowloris] 已建立第 30 條連線
[Slowloris] 已建立第 31 條連線
[Slowloris] 已建立第 32 條連線
[Slowloris] 已建立第 33 條連線
[Slowloris] 已建立第 34 條連線
[Slowloris] 已建立第 35 條連線
[Slowloris] 已建立第 36 條連線
[Slowloris] 已建立第 37 條連線
[Slowloris] 已建立第 38 條連線
[Slowloris] 已建立第 39 條連線
[Slowloris] 已建立第 40 條連線
[Slowloris] 已建立第 41 條連線
[Slowloris] 已建立第 42 條連線
[Slowloris] 已建立第 43 條連線
[Slowloris] 已建立第 44 條連線
[Slowloris] 已建立第 45 條連線
[Slowloris] 已建立第 46 條連線
[Slowloris] 已建立第 47 條連線
[Slowloris] 已建立第 48 條連線
[Slowloris] 已建立第 49 條連線
[Slowloris] 已建立第 50 條連線
[Slowloris] 已建立第 51 條連線
[Slowloris] 已建立第 52 條連線
[Slowloris] 已建立第 53 條連線
[Slowloris] 已建立第 54 條連線
[Slowloris] 已建立第 55 條連線
[Slowloris] 已建立第 56 條連線
[Slowloris] 已建立第 57 條連線
[Slowloris] 已建立第 58 條連線
[Slowloris] 已建立第 59 條連線
[Slowloris] 已建立第 60 條連線
[Slowloris] 已建立第 61 條連線
[Slowloris] 已建立第 62 條連線
[Slowloris] 已建立第 63 條連線
[Slowloris] 已建立第 64 條連線
[Slowloris] 已建立第 65 條連線
[Slowloris] 已建立第 66 條連線
[Slowloris] 已建立第 67 條連線
[Slowloris] 已建立第 68 條連線
[Slowloris] 已建立第 69 條連線
[Slowloris] 已建立第 70 條連線
[Slowloris] 已建立第 71 條連線
[Slowloris] 已建立第 72 條連線
[Slowloris] 已建立第 73 條連線
[Slowloris] 已建立第 74 條連線
[Slowloris] 已建立第 75 條連線
[Slowloris] 已建立第 76 條連線
[Slowloris] 已建立第 77 條連線
[Slowloris] 已建立第 78 條連線
[Slowloris] 已建立第 79 條連線
[Slowloris] 已建立第 80 條連線
[Slowloris] 已建立第 81 條連線
[Slowloris] 已建立第 82 條連線
[Slowloris] 已建立第 83 條連線
[Slowloris] 已建立第 84 條連線
[Slowloris] 已建立第 85 條連線
[Slowloris] 已建立第 86 條連線
[Slowloris] 已建立第 87 條連線
[Slowloris] 已建立第 88 條連線
[Slowloris] 已建立第 89 條連線
[Slowloris] 已建立第 90 條連線
[Slowloris] 已建立第 91 條連線
[Slowloris] 已建立第 92 條連線
[Slowloris] 已建立第 93 條連線
[Slowloris] 已建立第 94 條連線
[Slowloris] 已建立第 95 條連線
[Slowloris] 已建立第 96 條連線
[Slowloris] 已建立第 97 條連線
[Slowloris] 已建立第 98 條連線
[Slowloris] 已建立第 99 條連線
[Slowloris] 已建立第 100 條連線
[Slowloris] 已建立第 101 條連線
[Slowloris] 已建立第 102 條連線
[Slowloris] 已建立第 103 條連線
[Slowloris] 已建立第 104 條連線
[Slowloris] 已建立第 105 條連線
[Slowloris] 已建立第 106 條連線
[Slowloris] 已建立第 107 條連線
[Slowloris] 已建立第 108 條連線
[Slowloris] 已建立第 109 條連線
[Slowloris] 已建立第 110 條連線
[Slowloris] 已建立第 111 條連線
[Slowloris] 已建立第 112 條連線
[Slowloris] 已建立第 113 條連線
[Slowloris] 已建立第 114 條連線
[Slowloris] 已建立第 115 條連線
[Slowloris] 已建立第 116 條連線
[Slowloris] 已建立第 117 條連線
[Slowloris] 已建立第 118 條連線
[Slowloris] 已建立第 119 條連線
[Slowloris] 已建立第 120 條連線
[Slowloris] 已建立第 121 條連線
[Slowloris] 已建立第 122 條連線
[Slowloris] 已建立第 123 條連線
[Slowloris] 已建立第 124 條連線
[Slowloris] 已建立第 125 條連線
[Slowloris] 已建立第 126 條連線
[Slowloris] 已建立第 127 條連線
[Slowloris] 已建立第 128 條連線
[Slowloris] 已建立第 129 條連線
[Slowloris] 已建立第 130 條連線
[Slowloris] 已建立第 131 條連線
[Slowloris] 已建立第 132 條連線
[Slowloris] 已建立第 133 條連線
[Slowloris] 已建立第 134 條連線
[Slowloris] 已建立第 135 條連線
[Slowloris] 已建立第 136 條連線
[Slowloris] 已建立第 137 條連線
[Slowloris] 已建立第 138 條連線
[Slowloris] 已建立第 139 條連線
[Slowloris] 已建立第 140 條連線
[Slowloris] 已建立第 141 條連線
[Slowloris] 已建立第 142 條連線
[Slowloris] 已建立第 143 條連線
[Slowloris] 已建立第 144 條連線
[Slowloris] 已建立第 145 條連線
[Slowloris] 已建立第 146 條連線
[Slowloris] 已建立第 147 條連線
[Slowloris] 已建立第 148 條連線
[Slowloris] 已建立第 149 條連線
[Slowloris] 已建立第 150 條連線
[Slowloris] 已建立第 151 條連線
[Slowloris] 已建立第 152 條連線
[Slowloris] 已建立第 153 條連線
[Slowloris] 已建立第 154 條連線
[Slowloris] 已建立第 155 條連線
[Slowloris] 已建立第 156 條連線
[Slowloris] 已建立第 157 條連線
[Slowloris] 已建立第 158 條連線
[Slowloris] 已建立第 159 條連線
[Slowloris] 已建立第 160 條連線
[Slowloris] 已建立第 161 條連線
[Slowloris] 已建立第 162 條連線
[Slowloris] 已建立第 163 條連線
[Slowloris] 已建立第 164 條連線
[Slowloris] 已建立第 165 條連線
[Slowloris] 已建立第 166 條連線
[Slowloris] 已建立第 167 條連線
[Slowloris] 已建立第 168 條連線
[Slowloris] 已建立第 169 條連線
[Slowloris] 已建立第 170 條連線
[Slowloris] 已建立第 171 條連線
[Slowloris] 已建立第 172 條連線
[Slowloris] 已建立第 173 條連線
[Slowloris] 已建立第 174 條連線
[Slowloris] 已建立第 175 條連線
[Slowloris] 已建立第 176 條連線
[Slowloris] 已建立第 177 條連線
[Slowloris] 已建立第 178 條連線
[Slowloris] 已建立第 179 條連線
[Slowloris] 已建立第 180 條連線
[Slowloris] 已建立第 181 條連線
[Slowloris] 已建立第 182 條連線
[Slowloris] 已建立第 183 條連線
[Slowloris] 已建立第 184 條連線
[Slowloris] 已建立第 185 條連線
[Slowloris] 已建立第 186 條連線
[Slowloris] 已建立第 187 條連線
[Slowloris] 已建立第 188 條連線
[Slowloris] 已建立第 189 條連線
[Slowloris] 已建立第 190 條連線
[Slowloris] 已建立第 191 條連線
[Slowloris] 已建立第 192 條連線
[Slowloris] 已建立第 193 條連線
[Slowloris] 已建立第 194 條連線
[Slowloris] 已建立第 195 條連線
[Slowloris] 已建立第 196 條連線
[Slowloris] 已建立第 197 條連線
[Slowloris] 已建立第 198 條連線
[Slowloris] 已建立第 199 條連線
[Slowloris] 已建立第 200 條連線
[Slowloris] 已建立第 201 條連線
[Slowloris] 已建立第 202 條連線
[Slowloris] 已建立第 203 條連線
[Slowloris] 已建立第 204 條連線
[Slowloris] 已建立第 205 條連線
[Slowloris] 已建立第 206 條連線
[Slowloris] 已建立第 207 條連線
[Slowloris] 已建立第 208 條連線
[Slowloris] 已建立第 209 條連線
[Slowloris] 已建立第 210 條連線
[Slowloris] 已建立第 211 條連線
[Slowloris] 已建立第 212 條連線
[Slowloris] 已建立第 213 條連線
[Slowloris] 已建立第 214 條連線
[Slowloris] 已建立第 215 條連線
[Slowloris] 已建立第 216 條連線
[Slowloris] 已建立第 217 條連線
[Slowloris] 已建立第 218 條連線
[Slowloris] 已建立第 219 條連線
[Slowloris] 已建立第 220 條連線
[Slowloris] 已建立第 221 條連線
[Slowloris] 已建立第 222 條連線
[Slowloris] 已建立第 223 條連線
[Slowloris] 已建立第 224 條連線
[Slowloris] 已建立第 225 條連線
[Slowloris] 已建立第 226 條連線
[Slowloris] 已建立第 227 條連線
[Slowloris] 已建立第 228 條連線
[Slowloris] 已建立第 229 條連線
[Slowloris] 已建立第 230 條連線
[Slowloris] 已建立第 231 條連線
[Slowloris] 已建立第 232 條連線
[Slowloris] 已建立第 233 條連線
[Slowloris] 已建立第 234 條連線
[Slowloris] 已建立第 235 條連線
[Slowloris] 已建立第 236 條連線
[Slowloris] 已建立第 237 條連線
[Slowloris] 已建立第 238 條連線
[Slowloris] 已建立第 239 條連線
[Slowloris] 已建立第 240 條連線
[Slowloris] 已建立第 241 條連線
[Slowloris] 已建立第 242 條連線
[Slowloris] 已建立第 243 條連線
[Slowloris] 已建立第 244 條連線
[Slowloris] 已建立第 245 條連線
[Slowloris] 已建立第 246 條連線
[Slowloris] 已建立第 247 條連線
[Slowloris] 已建立第 248 條連線
[Slowloris] 已建立第 249 條連線
[Slowloris] 已建立第 250 條連線
[Slowloris] 已建立第 251 條連線
[Slowloris] 已建立第 252 條連線
[Slowloris] 已建立第 253 條連線
[Slowloris] 已建立第 254 條連線
[Slowloris] 已建立第 255 條連線
[Slowloris] 已建立第 256 條連線
[Slowloris] 已建立第 257 條連線
[Slowloris] 已建立第 258 條連線
[Slowloris] 已建立第 259 條連線
[Slowloris] 已建立第 260 條連線
[Slowloris] 已建立第 261 條連線
[Slowloris] 已建立第 262 條連線
[Slowloris] 已建立第 263 條連線
[Slowloris] 已建立第 264 條連線
[Slowloris] 已建立第 265 條連線
[Slowloris] 已建立第 266 條連線
[Slowloris] 已建立第 267 條連線
[Slowloris] 已建立第 268 條連線
[Slowloris] 已建立第 269 條連線
[Slowloris] 已建立第 270 條連線
[Slowloris] 已建立第 271 條連線
[Slowloris] 已建立第 272 條連線
[Slowloris] 已建立第 273 條連線
[Slowloris] 已建立第 274 條連線
[Slowloris] 已建立第 275 條連線
[Slowloris] 已建立第 276 條連線
[Slowloris] 已建立第 277 條連線
[Slowloris] 已建立第 278 條連線
[Slowloris] 已建立第 279 條連線
[Slowloris] 已建立第 280 條連線
[Slowloris] 已建立第 281 條連線
[Slowloris] 已建立第 282 條連線
[Slowloris] 已建立第 283 條連線
[Slowloris] 已建立第 284 條連線
[Slowloris] 已建立第 285 條連線
[Slowloris] 已建立第 286 條連線
[Slowloris] 已建立第 287 條連線
[Slowloris] 已建立第 288 條連線
[Slowloris] 已建立第 289 條連線
[Slowloris] 已建立第 290 條連線
[Slowloris] 已建立第 291 條連線
[Slowloris] 已建立第 292 條連線
[Slowloris] 已建立第 293 條連線
[Slowloris] 已建立第 294 條連線
[Slowloris] 已建立第 295 條連線
[Slowloris] 已建立第 296 條連線
[Slowloris] 已建立第 297 條連線
[Slowloris] 已建立第 298 條連線
[Slowloris] 已建立第 299 條連線
[Slowloris] 已建立第 300 條連線
[Slowloris] 已建立第 301 條連線
[Slowloris] 已建立第 302 條連線
[Slowloris] 已建立第 303 條連線
[Slowloris] 已建立第 304 條連線
[Slowloris] 已建立第 305 條連線
[Slowloris] 已建立第 306 條連線
[Slowloris] 已建立第 307 條連線
[Slowloris] 已建立第 308 條連線
[Slowloris] 已建立第 309 條連線
[Slowloris] 已建立第 310 條連線
[Slowloris] 已建立第 311 條連線
[Slowloris] 已建立第 312 條連線
[Slowloris] 已建立第 313 條連線
[Slowloris] 已建立第 314 條連線
[Slowloris] 已建立第 315 條連線
[Slowloris] 已建立第 316 條連線
[Slowloris] 已建立第 317 條連線
[Slowloris] 已建立第 318 條連線
[Slowloris] 已建立第 319 條連線
[Slowloris] 已建立第 320 條連線
[Slowloris] 已建立第 321 條連線
[Slowloris] 已建立第 322 條連線
[Slowloris] 已建立第 323 條連線
[Slowloris] 已建立第 324 條連線
[Slowloris] 已建立第 325 條連線
[Slowloris] 已建立第 326 條連線
[Slowloris] 已建立第 327 條連線
[Slowloris] 已建立第 328 條連線
[Slowloris] 已建立第 329 條連線
[Slowloris] 已建立第 330 條連線
[Slowloris] 已建立第 331 條連線
[Slowloris] 已建立第 332 條連線
[Slowloris] 已建立第 333 條連線
[Slowloris] 已建立第 334 條連線
[Slowloris] 已建立第 335 條連線
[Slowloris] 已建立第 336 條連線
[Slowloris] 已建立第 337 條連線
[Slowloris] 已建立第 338 條連線
[Slowloris] 已建立第 339 條連線
[Slowloris] 已建立第 340 條連線
[Slowloris] 已建立第 341 條連線
[Slowloris] 已建立第 342 條連線
[Slowloris] 已建立第 343 條連線
[Slowloris] 已建立第 344 條連線
[Slowloris] 已建立第 345 條連線
[Slowloris] 已建立第 346 條連線
[Slowloris] 已建立第 347 條連線
[Slowloris] 已建立第 348 條連線
[Slowloris] 已建立第 349 條連線
[Slowloris] 已建立第 350 條連線
[Slowloris] 已建立第 351 條連線
[Slowloris] 已建立第 352 條連線
[Slowloris] 已建立第 353 條連線
[Slowloris] 已建立第 354 條連線
[Slowloris] 已建立第 355 條連線
[Slowloris] 已建立第 356 條連線
[Slowloris] 已建立第 357 條連線
[Slowloris] 已建立第 358 條連線
[Slowloris] 已建立第 359 條連線
[Slowloris] 已建立第 360 條連線
[Slowloris] 已建立第 361 條連線
[Slowloris] 已建立第 362 條連線
[Slowloris] 已建立第 363 條連線
[Slowloris] 已建立第 364 條連線
[Slowloris] 已建立第 365 條連線
[Slowloris] 已建立第 366 條連線
[Slowloris] 已建立第 367 條連線
[Slowloris] 已建立第 368 條連線
[Slowloris] 已建立第 369 條連線
[Slowloris] 已建立第 370 條連線
[Slowloris] 已建立第 371 條連線
[Slowloris] 已建立第 372 條連線
[Slowloris] 已建立第 373 條連線
[Slowloris] 已建立第 374 條連線
[Slowloris] 已建立第 375 條連線
[Slowloris] 已建立第 376 條連線
[Slowloris] 已建立第 377 條連線
[Slowloris] 已建立第 378 條連線
[Slowloris] 已建立第 379 條連線
[Slowloris] 已建立第 380 條連線
[Slowloris] 已建立第 381 條連線
[Slowloris] 已建立第 382 條連線
[Slowloris] 已建立第 383 條連線
[Slowloris] 已建立第 384 條連線
[Slowloris] 已建立第 385 條連線
[Slowloris] 已建立第 386 條連線
[Slowloris] 已建立第 387 條連線
[Slowloris] 已建立第 388 條連線
[Slowloris] 已建立第 389 條連線
[Slowloris] 已建立第 390 條連線
[Slowloris] 已建立第 391 條連線
[Slowloris] 已建立第 392 條連線
[Slowloris] 已建立第 393 條連線
[Slowloris] 已建立第 394 條連線
[Slowloris] 已建立第 395 條連線
[Slowloris] 已建立第 396 條連線
[Slowloris] 已建立第 397 條連線
[Slowloris] 已建立第 398 條連線
[Slowloris] 已建立第 399 條連線
[Slowloris] 已建立第 400 條連線
[Slowloris] 已建立第 401 條連線
[Slowloris] 已建立第 402 條連線
[Slowloris] 已建立第 403 條連線
[Slowloris] 已建立第 404 條連線
[Slowloris] 已建立第 405 條連線
[Slowloris] 已建立第 406 條連線
[Slowloris] 已建立第 407 條連線
[Slowloris] 已建立第 408 條連線
[Slowloris] 已建立第 409 條連線
[Slowloris] 已建立第 410 條連線
[Slowloris] 已建立第 411 條連線
[Slowloris] 已建立第 412 條連線
[Slowloris] 已建立第 413 條連線
[Slowloris] 已建立第 414 條連線
[Slowloris] 已建立第 415 條連線
[Slowloris] 已建立第 416 條連線
[Slowloris] 已建立第 417 條連線
[Slowloris] 已建立第 418 條連線
[Slowloris] 已建立第 419 條連線
[Slowloris] 已建立第 420 條連線
[Slowloris] 已建立第 421 條連線
[Slowloris] 已建立第 422 條連線
[Slowloris] 已建立第 423 條連線
[Slowloris] 已建立第 424 條連線
[Slowloris] 已建立第 425 條連線
[Slowloris] 已建立第 426 條連線
[Slowloris] 已建立第 427 條連線
[Slowloris] 已建立第 428 條連線
[Slowloris] 已建立第 429 條連線
[Slowloris] 已建立第 430 條連線
[Slowloris] 已建立第 431 條連線
[Slowloris] 已建立第 432 條連線
[Slowloris] 已建立第 433 條連線
[Slowloris] 已建立第 434 條連線
[Slowloris] 已建立第 435 條連線
[Slowloris] 已建立第 436 條連線
[Slowloris] 已建立第 437 條連線
[Slowloris] 已建立第 438 條連線
[Slowloris] 已建立第 439 條連線
[Slowloris] 已建立第 440 條連線
[Slowloris] 已建立第 441 條連線
[Slowloris] 已建立第 442 條連線
[Slowloris] 已建立第 443 條連線
[Slowloris] 已建立第 444 條連線
[Slowloris] 已建立第 445 條連線
[Slowloris] 已建立第 446 條連線
[Slowloris] 已建立第 447 條連線
[Slowloris] 已建立第 448 條連線
[Slowloris] 已建立第 449 條連線
[Slowloris] 已建立第 450 條連線
[Slowloris] 已建立第 451 條連線
[Slowloris] 已建立第 452 條連線
[Slowloris] 已建立第 453 條連線
[Slowloris] 已建立第 454 條連線
[Slowloris] 已建立第 455 條連線
[Slowloris] 已建立第 456 條連線
[Slowloris] 已建立第 457 條連線
[Slowloris] 已建立第 458 條連線
[Slowloris] 已建立第 459 條連線
[Slowloris] 已建立第 460 條連線
[Slowloris] 已建立第 461 條連線
[Slowloris] 已建立第 462 條連線
[Slowloris] 已建立第 463 條連線
[Slowloris] 已建立第 464 條連線
[Slowloris] 已建立第 465 條連線
[Slowloris] 已建立第 466 條連線
[Slowloris] 已建立第 467 條連線
[Slowloris] 已建立第 468 條連線
[Slowloris] 已建立第 469 條連線
[Slowloris] 已建立第 470 條連線
[Slowloris] 已建立第 471 條連線
[Slowloris] 已建立第 472 條連線
[Slowloris] 已建立第 473 條連線
[Slowloris] 已建立第 474 條連線
[Slowloris] 已建立第 475 條連線
[Slowloris] 已建立第 476 條連線
[Slowloris] 已建立第 477 條連線
[Slowloris] 已建立第 478 條連線
[Slowloris] 已建立第 479 條連線
[Slowloris] 已建立第 480 條連線
[Slowloris] 已建立第 481 條連線
[Slowloris] 已建立第 482 條連線
[Slowloris] 已建立第 483 條連線
[Slowloris] 已建立第 484 條連線
[Slowloris] 已建立第 485 條連線
[Slowloris] 已建立第 486 條連線
[Slowloris] 已建立第 487 條連線
[Slowloris] 已建立第 488 條連線
[Slowloris] 已建立第 489 條連線
[Slowloris] 已建立第 490 條連線
[Slowloris] 已建立第 491 條連線
[Slowloris] 已建立第 492 條連線
[Slowloris] 已建立第 493 條連線
[Slowloris] 已建立第 494 條連線
[Slowloris] 已建立第 495 條連線
[Slowloris] 已建立第 496 條連線
[Slowloris] 已建立第 497 條連線
[Slowloris] 已建立第 498 條連線
[Slowloris] 已建立第 499 條連線
[Slowloris] 已建立第 500 條連線
[Slowloris] 已建立第 501 條連線
[Slowloris] 已建立第 502 條連線
[Slowloris] 已建立第 503 條連線
[Slowloris] 已建立第 504 條連線
[Slowloris] 已建立第 505 條連線
[Slowloris] 已建立第 506 條連線
[Slowloris] 已建立第 507 條連線
[Slowloris] 已建立第 508 條連線
[Slowloris] 已建立第 509 條連線
[Slowloris] 已建立第 510 條連線
[Slowloris] 已建立第 511 條連線
[Slowloris] 已建立第 512 條連線
[Slowloris] 已建立第 513 條連線
[Slowloris] 已建立第 514 條連線
[Slowloris] 已建立第 515 條連線
[Slowloris] 已建立第 516 條連線
[Slowloris] 已建立第 517 條連線
[Slowloris] 已建立第 518 條連線
[Slowloris] 已建立第 519 條連線
[Slowloris] 已建立第 520 條連線
[Slowloris] 已建立第 521 條連線
[Slowloris] 已建立第 522 條連線
[Slowloris] 已建立第 523 條連線
[Slowloris] 已建立第 524 條連線
[Slowloris] 已建立第 525 條連線
[Slowloris] 已建立第 526 條連線
[Slowloris] 已建立第 527 條連線
[Slowloris] 已建立第 528 條連線
[Slowloris] 已建立第 529 條連線
[Slowloris] 已建立第 530 條連線
[Slowloris] 已建立第 531 條連線
[Slowloris] 已建立第 532 條連線
[Slowloris] 已建立第 533 條連線
[Slowloris] 已建立第 534 條連線
[Slowloris] 已建立第 535 條連線
[Slowloris] 已建立第 536 條連線
[Slowloris] 已建立第 537 條連線
[Slowloris] 已建立第 538 條連線
[Slowloris] 已建立第 539 條連線
[Slowloris] 已建立第 540 條連線
[Slowloris] 已建立第 541 條連線
[Slowloris] 已建立第 542 條連線
[Slowloris] 已建立第 543 條連線
[Slowloris] 已建立第 544 條連線
[Slowloris] 已建立第 545 條連線
[Slowloris] 已建立第 546 條連線
[Slowloris] 已建立第 547 條連線
[Slowloris] 已建立第 548 條連線
[Slowloris] 已建立第 549 條連線
[Slowloris] 已建立第 550 條連線
[Slowloris] 已建立第 551 條連線
[Slowloris] 已建立第 552 條連線
[Slowloris] 已建立第 553 條連線
[Slowloris] 已建立第 554 條連線
[Slowloris] 已建立第 555 條連線
[Slowloris] 已建立第 556 條連線
[Slowloris] 已建立第 557 條連線
[Slowloris] 已建立第 558 條連線
[Slowloris] 已建立第 559 條連線
[Slowloris] 已建立第 560 條連線
[Slowloris] 已建立第 561 條連線
[Slowloris] 已建立第 562 條連線
[Slowloris] 已建立第 563 條連線
[Slowloris] 已建立第 564 條連線
[Slowloris] 已建立第 565 條連線
[Slowloris] 已建立第 566 條連線
[Slowloris] 已建立第 567 條連線
[Slowloris] 已建立第 568 條連線
[Slowloris] 已建立第 569 條連線
[Slowloris] 已建立第 570 條連線
[Slowloris] 已建立第 571 條連線
[Slowloris] 已建立第 572 條連線
[Slowloris] 已建立第 573 條連線
[Slowloris] 已建立第 574 條連線
[Slowloris] 已建立第 575 條連線
[Slowloris] 已建立第 576 條連線
[Slowloris] 已建立第 577 條連線
[Slowloris] 已建立第 578 條連線
[Slowloris] 已建立第 579 條連線
[Slowloris] 已建立第 580 條連線
[Slowloris] 已建立第 581 條連線
[Slowloris] 已建立第 582 條連線
[Slowloris] 已建立第 583 條連線
[Slowloris] 已建立第 584 條連線
[Slowloris] 已建立第 585 條連線
[Slowloris] 已建立第 586 條連線
[Slowloris] 已建立第 587 條連線
[Slowloris] 已建立第 588 條連線
[Slowloris] 已建立第 589 條連線
[Slowloris] 已建立第 590 條連線
[Slowloris] 已建立第 591 條連線
[Slowloris] 已建立第 592 條連線
[Slowloris] 已建立第 593 條連線
[Slowloris] 已建立第 594 條連線
[Slowloris] 已建立第 595 條連線
[Slowloris] 已建立第 596 條連線
[Slowloris] 已建立第 597 條連線
[Slowloris] 已建立第 598 條連線
[Slowloris] 已建立第 599 條連線
[Slowloris] 已建立第 600 條連線
[Slowloris] 已建立第 601 條連線
[Slowloris] 已建立第 602 條連線
[Slowloris] 已建立第 603 條連線
[Slowloris] 已建立第 604 條連線
[Slowloris] 已建立第 605 條連線
[Slowloris] 已建立第 606 條連線
[Slowloris] 已建立第 607 條連線
[Slowloris] 已建立第 608 條連線
[Slowloris] 已建立第 609 條連線
[Slowloris] 已建立第 610 條連線
[Slowloris] 已建立第 611 條連線
[Slowloris] 已建立第 612 條連線
[Slowloris] 已建立第 613 條連線
[Slowloris] 已建立第 614 條連線
[Slowloris] 已建立第 615 條連線
[Slowloris] 已建立第 616 條連線
[Slowloris] 已建立第 617 條連線
[Slowloris] 已建立第 618 條連線
[Slowloris] 已建立第 619 條連線
[Slowloris] 已建立第 620 條連線
[Slowloris] 已建立第 621 條連線
[Slowloris] 已建立第 622 條連線
[Slowloris] 已建立第 623 條連線
[Slowloris] 已建立第 624 條連線
[Slowloris] 已建立第 625 條連線
[Slowloris] 已建立第 626 條連線
[Slowloris] 已建立第 627 條連線
[Slowloris] 已建立第 628 條連線
[Slowloris] 已建立第 629 條連線
[Slowloris] 已建立第 630 條連線
[Slowloris] 已建立第 631 條連線
[Slowloris] 已建立第 632 條連線
[Slowloris] 已建立第 633 條連線
[Slowloris] 已建立第 634 條連線
[Slowloris] 已建立第 635 條連線
[Slowloris] 已建立第 636 條連線
[Slowloris] 已建立第 637 條連線
[Slowloris] 已建立第 638 條連線
[Slowloris] 已建立第 639 條連線
[Slowloris] 已建立第 640 條連線
[Slowloris] 已建立第 641 條連線
[Slowloris] 已建立第 642 條連線
[Slowloris] 已建立第 643 條連線
[Slowloris] 已建立第 644 條連線
[Slowloris] 已建立第 645 條連線
[Slowloris] 已建立第 646 條連線
[Slowloris] 已建立第 647 條連線
[Slowloris] 已建立第 648 條連線
[Slowloris] 已建立第 649 條連線
[Slowloris] 已建立第 650 條連線
[Slowloris] 已建立第 651 條連線
[Slowloris] 已建立第 652 條連線
[Slowloris] 已建立第 653 條連線
[Slowloris] 已建立第 654 條連線
[Slowloris] 已建立第 655 條連線
[Slowloris] 已建立第 656 條連線
[Slowloris] 已建立第 657 條連線
[Slowloris] 已建立第 658 條連線
[Slowloris] 已建立第 659 條連線
[Slowloris] 已建立第 660 條連線
[Slowloris] 已建立第 661 條連線
[Slowloris] 已建立第 662 條連線
[Slowloris] 錯誤：timed out
[結果] 攻擊結果：成功